0 info it worked if it ends with ok
1 verbose cli [ 'C:\\Program Files\\nodejs\\node.exe',
1 verbose cli   'C:\\Users\\shawn\\AppData\\Roaming\\npm\\node_modules\\npm\\bin\\npm-cli.js',
1 verbose cli   'start' ]
2 info using npm@3.10.9
3 info using node@v6.10.3
4 verbose run-script [ 'prestart', 'start', 'poststart' ]
5 info lifecycle myserver@0.0.0~prestart: myserver@0.0.0
6 silly lifecycle myserver@0.0.0~prestart: no script for prestart, continuing
7 info lifecycle myserver@0.0.0~start: myserver@0.0.0
8 verbose lifecycle myserver@0.0.0~start: unsafe-perm in lifecycle true
9 verbose lifecycle myserver@0.0.0~start: PATH: C:\Users\shawn\AppData\Roaming\npm\node_modules\npm\bin\node-gyp-bin;c:\Users\shawn\git\myserver\node_modules\.bin;C:\Program Files\Git\mingw64\bin;C:\Program Files\Git\usr\bin;C:\Users\shawn\bin;C:\Program Files (x86)\Windows Resource Kits\Tools;C:\Program Files (x86)\Common Files\Intel\Shared Files\cpp\bin\Intel64;C:\Program Files\Common Files\Microsoft Shared\Windows Live;C:\Program Files (x86)\Common Files\Microsoft Shared\Windows Live;C:\Program Files (x86)\Intel\iCLS Client;C:\Program Files\Intel\iCLS Client;C:\Windows\system32;C:\Windows;C:\Windows\System32\Wbem;C:\Windows\System32\WindowsPowerShell\v1.0;C:\Program Files\Intel\Intel(R) Management Engine Components\DAL;C:\Program Files\Intel\Intel(R) Management Engine Components\IPT;C:\Program Files (x86)\Intel\Intel(R) Management Engine Components\DAL;C:\Program Files (x86)\Intel\Intel(R) Management Engine Components\IPT;C:\Program Files (x86)\Intel\OpenCL SDK\2.0\bin\x86;C:\Program Files (x86)\Intel\OpenCL SDK\2.0\bin\x64;C:\Program Files\Common Files\Lenovo;C:\Program Files (x86)\Common Files\Ulead Systems\MPEG;C:\Program Files (x86)\Windows Live\Shared;C:\SWTOOLS\ReadyApps;C:\Program Files (x86)\Common Files\Lenovo;C:\Program Files (x86)\Microsoft SQL Server\100\Tools\Binn;C:\Program Files\Microsoft SQL Server\100\Tools\Binn;C:\Program Files\Microsoft SQL Server\100\DTS\Binn;C:\lib;C:\Program Files (x86)\Java\jdk1.7.0_10\bin;C:\Program Files (x86)\swipl\bin;C:\Program Files\TortoiseSVN\bin;C:\Program Files (x86)\MiKTeX 2.9\miktex\bin;C:\Program Files (x86)\SMLNJ\bin;C:\Users\shawn\Downloads\android\adt-bundle-windows-x86_64-20131030\sdk\platform-tools;C:\Program Files (x86)\Microsoft SQL Server\100\Tools\Binn\VSShell\Common7\IDE;C:\Program Files (x86)\Microsoft SQL Server\100\DTS\Binn;C:\Program Files (x86)\Skype\Phone;C:\Program Files (x86)\Windows Kits\8.0\Windows Performance Toolkit;C:\Program Files\Microsoft SQL Server\110\Tools\Binn;C:\Program Files\MATLAB\R2011b\runtime\win64;C:\Program Files\MATLAB\R2011b\bin;C:\Program Files\Git\cmd;C:\Python27;C:\Python27\Scripts;C:\Program Files\nodejs;C:\Program Files (x86)\Yarn\bin;C:\Wind\Wind.NET.Client\WindNET\bin;C:\Python27;C:\Program Files\MongoDB\Server\3.4\bin;C:\Users\shawn\AppData\Roaming\npm;C:\Program Files\Heroku\bin;C:\Program Files (x86)\Yarn\bin;C:\Program Files\Microsoft VS Code\bin
10 verbose lifecycle myserver@0.0.0~start: CWD: c:\Users\shawn\git\myserver
11 silly lifecycle myserver@0.0.0~start: Args: [ '/d /s /c',
11 silly lifecycle   'npm-run-all --parallel localMongod  localServer' ]
12 silly lifecycle myserver@0.0.0~start: Returned: code: 3221225786  signal: null
13 info lifecycle myserver@0.0.0~start: Failed to exec start script
14 verbose stack Error: myserver@0.0.0 start: `npm-run-all --parallel localMongod  localServer`
14 verbose stack Exit status 3221225786
14 verbose stack     at EventEmitter.<anonymous> (C:\Users\shawn\AppData\Roaming\npm\node_modules\npm\lib\utils\lifecycle.js:255:16)
14 verbose stack     at emitTwo (events.js:106:13)
14 verbose stack     at EventEmitter.emit (events.js:191:7)
14 verbose stack     at ChildProcess.<anonymous> (C:\Users\shawn\AppData\Roaming\npm\node_modules\npm\lib\utils\spawn.js:40:14)
14 verbose stack     at emitTwo (events.js:106:13)
14 verbose stack     at ChildProcess.emit (events.js:191:7)
14 verbose stack     at maybeClose (internal/child_process.js:886:16)
14 verbose stack     at Process.ChildProcess._handle.onexit (internal/child_process.js:226:5)
15 verbose pkgid myserver@0.0.0
16 verbose cwd c:\Users\shawn\git\myserver
17 error Windows_NT 6.1.7601
18 error argv "C:\\Program Files\\nodejs\\node.exe" "C:\\Users\\shawn\\AppData\\Roaming\\npm\\node_modules\\npm\\bin\\npm-cli.js" "start"
19 error node v6.10.3
20 error npm  v3.10.9
21 error code ELIFECYCLE
22 error myserver@0.0.0 start: `npm-run-all --parallel localMongod  localServer`
22 error Exit status 3221225786
23 error Failed at the myserver@0.0.0 start script 'npm-run-all --parallel localMongod  localServer'.
23 error Make sure you have the latest version of node.js and npm installed.
23 error If you do, this is most likely a problem with the myserver package,
23 error not with npm itself.
23 error Tell the author that this fails on your system:
23 error     npm-run-all --parallel localMongod  localServer
23 error You can get information on how to open an issue for this project with:
23 error     npm bugs myserver
23 error Or if that isn't available, you can get their info via:
23 error     npm owner ls myserver
23 error There is likely additional logging output above.
24 verbose exit [ 1, true ]
